<?xml version="1.0" encoding="UTF-8"?>
<!-- Generated by org.testng.reporters.JUnitReportReporter -->
<testsuite hostname="DESKTOP-S3K0L07" failures="0" tests="1" name="test.NaaptolHomePageTest" time="59.984" errors="0" timestamp="2024-04-20T16:17:01 IST" skipped="0">
  <testcase classname="test.NaaptolHomePageTest" name="clickOnShoppingCategories" time="59.984"/>
  <system-out/>
</testsuite> <!-- test.NaaptolHomePageTest -->
