<?xml version="1.0" encoding="UTF-8"?>
<!-- Generated by org.testng.reporters.JUnitReportReporter -->
<testsuite hostname="DESKTOP-S3K0L07" failures="0" tests="1" name="test.NaaptolRemoveProductFromCartTest" time="41.834" errors="0" timestamp="2024-04-27T17:03:11 IST" skipped="0">
  <testcase classname="test.NaaptolRemoveProductFromCartTest" name="removeProductFromCart" time="41.834"/>
  <system-out/>
</testsuite> <!-- test.NaaptolRemoveProductFromCartTest -->
